Determining if the pthread_create exist failed with the following output:
Change Dir: /home/firefly/projet/rostest/build/CMakeFiles/CMakeTmp

Run Build Command:/usr/bin/make "cmTryCompileExec837179595/fast"
/usr/bin/make -f CMakeFiles/cmTryCompileExec837179595.dir/build.make CMakeFiles/cmTryCompileExec837179595.dir/build
make[1]: Entering directory `/home/firefly/projet/rostest/build/CMakeFiles/CMakeTmp'
/usr/bin/cmake -E cmake_progress_report /home/firefly/projet/rostest/build/CMakeFiles/CMakeTmp/CMakeFiles 1
Building C object CMakeFiles/cmTryCompileExec837179595.dir/CheckSymbolExists.c.o
/usr/bin/cc    -o CMakeFiles/cmTryCompileExec837179595.dir/CheckSymbolExists.c.o   -c /home/firefly/projet/rostest/build/CMakeFiles/CMakeTmp/CheckSymbolExists.c
Linking C executable cmTryCompileExec837179595
/usr/bin/cmake -E cmake_link_script CMakeFiles/cmTryCompileExec837179595.dir/link.txt --verbose=1
/usr/bin/cc       CMakeFiles/cmTryCompileExec837179595.dir/CheckSymbolExists.c.o  -o cmTryCompileExec837179595 -rdynamic 
CMakeFiles/cmTryCompileExec837179595.dir/CheckSymbolExists.c.o: In function `main':
CheckSymbolExists.c:(.text+0xe): undefined reference to `pthread_create'
CheckSymbolExists.c:(.text+0x12): undefined reference to `pthread_create'
collect2: error: ld returned 1 exit status
make[1]: *** [cmTryCompileExec837179595] Error 1
make[1]: Leaving directory `/home/firefly/projet/rostest/build/CMakeFiles/CMakeTmp'
make: *** [cmTryCompileExec837179595/fast] Error 2

File /home/firefly/projet/rostest/build/CMakeFiles/CMakeTmp/CheckSymbolExists.c:
/* */
#include <pthread.h>

int main(int argc, char** argv)
{
  (void)argv;
#ifndef pthread_create
  return ((int*)(&pthread_create))[argc];
#else
  (void)argc;
  return 0;
#endif
}

Determining if the function pthread_create exists in the pthreads failed with the following output:
Change Dir: /home/firefly/projet/rostest/build/CMakeFiles/CMakeTmp

Run Build Command:/usr/bin/make "cmTryCompileExec924440497/fast"
/usr/bin/make -f CMakeFiles/cmTryCompileExec924440497.dir/build.make CMakeFiles/cmTryCompileExec924440497.dir/build
make[1]: Entering directory `/home/firefly/projet/rostest/build/CMakeFiles/CMakeTmp'
/usr/bin/cmake -E cmake_progress_report /home/firefly/projet/rostest/build/CMakeFiles/CMakeTmp/CMakeFiles 1
Building C object CMakeFiles/cmTryCompileExec924440497.dir/CheckFunctionExists.c.o
/usr/bin/cc   -DCHECK_FUNCTION_EXISTS=pthread_create   -o CMakeFiles/cmTryCompileExec924440497.dir/CheckFunctionExists.c.o   -c /usr/share/cmake-2.8/Modules/CheckFunctionExists.c
Linking C executable cmTryCompileExec924440497
/usr/bin/cmake -E cmake_link_script CMakeFiles/cmTryCompileExec924440497.dir/link.txt --verbose=1
/usr/bin/cc   -DCHECK_FUNCTION_EXISTS=pthread_create    CMakeFiles/cmTryCompileExec924440497.dir/CheckFunctionExists.c.o  -o cmTryCompileExec924440497 -rdynamic -lpthreads 
/usr/bin/ld: cannot find -lpthreads
collect2: error: ld returned 1 exit status
make[1]: *** [cmTryCompileExec924440497] Error 1
make[1]: Leaving directory `/home/firefly/projet/rostest/build/CMakeFiles/CMakeTmp'
make: *** [cmTryCompileExec924440497/fast] Error 2


